<?xml version="1.0" encoding="UTF-8"?>
<!-- Generated by org.testng.reporters.JUnitReportReporter -->
<testsuite hostname="LAPTOP-DTRRDUHD" failures="0" tests="1" name="practice.test.ValidateJson" time="0.324" errors="0" timestamp="2023-10-17T19:33:26 IST" skipped="0">
  <testcase classname="practice.test.ValidateJson" name="test1" time="0.324"/>
  <system-out/>
</testsuite> <!-- practice.test.ValidateJson -->
