<?xml version="1.0" encoding="UTF-8"?>
<!-- Generated by org.testng.reporters.JUnitReportReporter -->
<testsuite hostname="LAPTOP-DTRRDUHD" failures="0" tests="1" name="practice.test.ValidateTeam" time="0.469" errors="0" timestamp="2023-10-18T20:41:48 IST" skipped="0">
  <testcase classname="practice.test.ValidateTeam" name="test1" time="0.469"/>
  <system-out/>
</testsuite> <!-- practice.test.ValidateTeam -->
